(0000) 3000  0011000000000000 (   1)                 .ORIG x3000
(3000) E03A  1110000000111010 (   3)                 LEA   R0 inst
(3001) F022  1111000000100010 (   4)                 TRAP  x22
(3002) 2628  0010011000101000 (   6)                 LD    R3 address
(3003) F020  1111000000100000 (   7) loop1           TRAP  x20
(3004) F021  1111000000100001 (   8)                 TRAP  x21
(3005) 1236  0001001000110110 (   9)                 ADD   R1 R0 #-10
(3006) 0403  0000010000000011 (  10)                 BRZ   match
(3007) 70C0  0111000011000000 (  11)                 STR   R0 R3 #0
(3008) 16E1  0001011011100001 (  12)                 ADD   R3 R3 #1
(3009) 0FF9  0000111111111001 (  13)                 BRNZP loop1
(300A) 5020  0101000000100000 (  15) match           AND   R0 R0 #0
(300B) 70C0  0111000011000000 (  16)                 STR   R0 R3 #0
(300C) 242D  0010010000101101 (  17)                 LD    R2 stp
(300D) 6480  0110010010000000 (  18)                 LDR   R2 R2 #0
(300E) 6881  0110100010000001 (  19)                 LDR   R4 R2 #1
(300F) 6B00  0110101100000000 (  20)                 LDR   R5 R4 #0
(3010) 6082  0110000010000010 (  21)                 LDR   R0 R2 #2
(3011) 2619  0010011000011001 (  23)                 LD    R3 address
(3012) 62C0  0110001011000000 (  24)                 LDR   R1 R3 #0
(3013) 927F  1001001001111111 (  26) loop2           NOT   R1 R1
(3014) 1261  0001001001100001 (  27)                 ADD   R1 R1 #1
(3015) 1245  0001001001000101 (  28)                 ADD   R1 R1 R5
(3016) 0A07  0000101000000111 (  29)                 BRNP  Reg2
(3017) 5B45  0101101101000101 (  30)                 AND   R5 R5 R5
(3018) 040D  0000010000001101 (  31)                 BRZ   success
(3019) 1921  0001100100100001 (  32)                 ADD   R4 R4 #1
(301A) 6B00  0110101100000000 (  33)                 LDR   R5 R4 #0
(301B) 16E1  0001011011100001 (  34)                 ADD   R3 R3 #1
(301C) 62C0  0110001011000000 (  35)                 LDR   R1 R3 #0
(301D) 0FF5  0000111111110101 (  36)                 BRNZP loop2
(301E) 6480  0110010010000000 (  38) Reg2            LDR   R2 R2 #0
(301F) 0408  0000010000001000 (  39)                 BRZ   fail
(3020) 6881  0110100010000001 (  40)                 LDR   R4 R2 #1
(3021) 6B00  0110101100000000 (  41)                 LDR   R5 R4 #0
(3022) 6082  0110000010000010 (  42)                 LDR   R0 R2 #2
(3023) 2607  0010011000000111 (  44)                 LD    R3 address
(3024) 62C0  0110001011000000 (  45)                 LDR   R1 R3 #0
(3025) 0FED  0000111111101101 (  46)                 BRNZP loop2
(3026) F022  1111000000100010 (  48) success         TRAP  x22
(3027) 0E02  0000111000000010 (  49)                 BRNZP stop
(3028) E037  1110000000110111 (  50) fail            LEA   R0 outstr
(3029) F022  1111000000100010 (  51)                 TRAP  x22
(302A) F025  1111000000100101 (  53) stop            TRAP  x25
(302B) 0000  0000000000000000 (  55) address         .FILL x0000
(302C) 0000  0000000000000000 (  55)                 .FILL x0000
(302D) 0000  0000000000000000 (  55)                 .FILL x0000
(302E) 0000  0000000000000000 (  55)                 .FILL x0000
(302F) 0000  0000000000000000 (  55)                 .FILL x0000
(3030) 0000  0000000000000000 (  55)                 .FILL x0000
(3031) 0000  0000000000000000 (  55)                 .FILL x0000
(3032) 0000  0000000000000000 (  55)                 .FILL x0000
(3033) 0000  0000000000000000 (  55)                 .FILL x0000
(3034) 0000  0000000000000000 (  55)                 .FILL x0000
(3035) 0000  0000000000000000 (  55)                 .FILL x0000
(3036) 0000  0000000000000000 (  55)                 .FILL x0000
(3037) 0000  0000000000000000 (  55)                 .FILL x0000
(3038) 0000  0000000000000000 (  55)                 .FILL x0000
(3039) 0000  0000000000000000 (  55)                 .FILL x0000
(303A) 3300  0011001100000000 (  55) stp             .FILL x3300
(303B) 0054  0000000001010100 (  56) inst            .FILL x0054
(303C) 0079  0000000001111001 (  56)                 .FILL x0079
(303D) 0070  0000000001110000 (  56)                 .FILL x0070
(303E) 0065  0000000001100101 (  56)                 .FILL x0065
(303F) 0020  0000000000100000 (  56)                 .FILL x0020
(3040) 0061  0000000001100001 (  56)                 .FILL x0061
(3041) 0020  0000000000100000 (  56)                 .FILL x0020
(3042) 0072  0000000001110010 (  56)                 .FILL x0072
(3043) 006F  0000000001101111 (  56)                 .FILL x006F
(3044) 006F  0000000001101111 (  56)                 .FILL x006F
(3045) 006D  0000000001101101 (  56)                 .FILL x006D
(3046) 0020  0000000000100000 (  56)                 .FILL x0020
(3047) 006E  0000000001101110 (  56)                 .FILL x006E
(3048) 0075  0000000001110101 (  56)                 .FILL x0075
(3049) 006D  0000000001101101 (  56)                 .FILL x006D
(304A) 0062  0000000001100010 (  56)                 .FILL x0062
(304B) 0065  0000000001100101 (  56)                 .FILL x0065
(304C) 0072  0000000001110010 (  56)                 .FILL x0072
(304D) 0020  0000000000100000 (  56)                 .FILL x0020
(304E) 0061  0000000001100001 (  56)                 .FILL x0061
(304F) 006E  0000000001101110 (  56)                 .FILL x006E
(3050) 0064  0000000001100100 (  56)                 .FILL x0064
(3051) 0020  0000000000100000 (  56)                 .FILL x0020
(3052) 0070  0000000001110000 (  56)                 .FILL x0070
(3053) 0072  0000000001110010 (  56)                 .FILL x0072
(3054) 0065  0000000001100101 (  56)                 .FILL x0065
(3055) 0073  0000000001110011 (  56)                 .FILL x0073
(3056) 0073  0000000001110011 (  56)                 .FILL x0073
(3057) 0020  0000000000100000 (  56)                 .FILL x0020
(3058) 0045  0000000001000101 (  56)                 .FILL x0045
(3059) 006E  0000000001101110 (  56)                 .FILL x006E
(305A) 0074  0000000001110100 (  56)                 .FILL x0074
(305B) 0065  0000000001100101 (  56)                 .FILL x0065
(305C) 0072  0000000001110010 (  56)                 .FILL x0072
(305D) 003A  0000000000111010 (  56)                 .FILL x003A
(305E) 000A  0000000000001010 (  56)                 .FILL x000A
(305F) 0000  0000000000000000 (  56)                 .FILL x0000
(3060) 004E  0000000001001110 (  57) outstr          .FILL x004E
(3061) 006F  0000000001101111 (  57)                 .FILL x006F
(3062) 0020  0000000000100000 (  57)                 .FILL x0020
(3063) 0045  0000000001000101 (  57)                 .FILL x0045
(3064) 006E  0000000001101110 (  57)                 .FILL x006E
(3065) 0074  0000000001110100 (  57)                 .FILL x0074
(3066) 0072  0000000001110010 (  57)                 .FILL x0072
(3067) 0079  0000000001111001 (  57)                 .FILL x0079
(3068) 0000  0000000000000000 (  57)                 .FILL x0000
