(0000) 2000  0010000000000000 (   1)                 .ORIG x2000
(2000) 3221  0011001000100001 (   2) START           ST    R1 SaveR1
(2001) 3621  0011011000100001 (   3)                 ST    R3 SaveR3
(2002) 3821  0011100000100001 (   4)                 ST    R4 SaveR4
(2003) 1B61  0001101101100001 (   5)                 ADD   R5 R5 #1
(2004) A218  1010001000011000 (   6) INPUT           LDI   R1 KBSR
(2005) 07FE  0000011111111110 (   7)                 BRZP  INPUT
(2006) A617  1010011000010111 (   8)                 LDI   R3 KBDR
(2007) 5920  0101100100100000 (  10)                 AND   R4 R4 #0
(2008) 192A  0001100100101010 (  11)                 ADD   R4 R4 #10
(2009) A215  1010001000010101 (  12) OUTPUT          LDI   R1 DSR
(200A) 07FE  0000011111111110 (  13)                 BRZP  OUTPUT
(200B) B614  1011011000010100 (  14)                 STI   R3 DDR
(200C) 193F  0001100100111111 (  15)                 ADD   R4 R4 #-1
(200D) 03FB  0000001111111011 (  16)                 BRP   OUTPUT
(200E) 2612  0010011000010010 (  17)                 LD    R3 NEWLINE
(200F) B610  1011011000010000 (  18)                 STI   R3 DDR
(2010) 5482  0101010010000010 (  20)                 AND   R2 R2 R2
(2011) 0405  0000010000000101 (  21)                 BRZ   GOWELL
(2012) 0802  0000100000000010 (  22)                 BRN   GOSTAR
(2013) 94BF  1001010010111111 (  23) NO              NOT   R2 R2
(2014) 0E04  0000111000000100 (  24)                 BRNZP STOP
(2015) 200D  0010000000001101 (  26) GOSTAR          LD    R0 SaveR3
(2016) 0FFC  0000111111111100 (  27)                 BRNZP NO
(2017) 200C  0010000000001100 (  28) GOWELL          LD    R0 SaveR4
(2018) 0FFA  0000111111111010 (  29)                 BRNZP NO
(2019) 2208  0010001000001000 (  31) STOP            LD    R1 SaveR1
(201A) 2608  0010011000001000 (  32)                 LD    R3 SaveR3
(201B) 2808  0010100000001000 (  33)                 LD    R4 SaveR4
(201C) 8000  1000000000000000 (  34)                 RTI   
(201D) FE00  1111111000000000 (  36) KBSR            .FILL xFE00
(201E) FE02  1111111000000010 (  37) KBDR            .FILL xFE02
(201F) FE04  1111111000000100 (  38) DSR             .FILL xFE04
(2020) FE06  1111111000000110 (  39) DDR             .FILL xFE06
(2021) 000A  0000000000001010 (  40) NEWLINE         .FILL x000A
(2022) 0000  0000000000000000 (  42) SaveR1          .FILL x0000
(2023) 0000  0000000000000000 (  43) SaveR3          .FILL x0000
(2024) 0000  0000000000000000 (  44) SaveR4          .FILL x0000
