(0000) 3000  0011000000000000 (   1)                 .ORIG x3000
(3000) 2C4E  0010110001001110 (   2)                 LD    R6 SSP
(3001) 284F  0010100001001111 (   4)                 LD    R4 CON
(3002) B84D  1011100001001101 (   5)                 STI   R4 ENTRY
(3003) A44E  1010010001001110 (   7)                 LDI   R2 KBSR
(3004) 94BF  1001010010111111 (   8)                 NOT   R2 R2
(3005) 264D  0010011001001101 (   9)                 LD    R3 NUM1
(3006) 96FF  1001011011111111 (  10)                 NOT   R3 R3
(3007) 5483  0101010010000011 (  11)                 AND   R2 R2 R3
(3008) 94BF  1001010010111111 (  12)                 NOT   R2 R2
(3009) B448  1011010001001000 (  13)                 STI   R2 KBSR
(300A) 54A0  0101010010100000 (  15)                 AND   R2 R2 #0
(300B) E649  1110011001001001 (  16)                 LEA   R3 STAR1
(300C) E8A9  1110100010101001 (  17)                 LEA   R4 WELL1
(300D) 5B60  0101101101100000 (  19) PSTAR           AND   R5 R5 #0
(300E) E046  1110000001000110 (  20)                 LEA   R0 STAR1
(300F) 5482  0101010010000010 (  21)                 AND   R2 R2 R2
(3010) 080C  0000100000001100 (  22)                 BRN   PWELL
(3011) 4821  0100100000100001 (  24)                 JSR   OFF
(3012) F022  1111000000100010 (  25)                 TRAP  x22
(3013) 4828  0100100000101000 (  26)                 JSR   ON
(3014) 4818  0100100000011000 (  27)                 JSR   DELAY
(3015) E071  1110000001110001 (  29)                 LEA   R0 STAR2
(3016) 5482  0101010010000010 (  30)                 AND   R2 R2 R2
(3017) 0805  0000100000000101 (  31)                 BRN   PWELL
(3018) 481A  0100100000011010 (  33)                 JSR   OFF
(3019) F022  1111000000100010 (  34)                 TRAP  x22
(301A) 4821  0100100000100001 (  35)                 JSR   ON
(301B) 4811  0100100000010001 (  36)                 JSR   DELAY
(301C) 0FF0  0000111111110000 (  38)                 BRNZP PSTAR
(301D) 5B60  0101101101100000 (  40) PWELL           AND   R5 R5 #0
(301E) E097  1110000010010111 (  41)                 LEA   R0 WELL1
(301F) 5482  0101010010000010 (  42)                 AND   R2 R2 R2
(3020) 05EC  0000010111101100 (  43)                 BRZ   PSTAR
(3021) 4811  0100100000010001 (  45)                 JSR   OFF
(3022) F022  1111000000100010 (  46)                 TRAP  x22
(3023) 4818  0100100000011000 (  47)                 JSR   ON
(3024) 4808  0100100000001000 (  48)                 JSR   DELAY
(3025) E0C2  1110000011000010 (  50)                 LEA   R0 WELL2
(3026) 5482  0101010010000010 (  51)                 AND   R2 R2 R2
(3027) 05E5  0000010111100101 (  52)                 BRZ   PSTAR
(3028) 480A  0100100000001010 (  54)                 JSR   OFF
(3029) F022  1111000000100010 (  55)                 TRAP  x22
(302A) 4811  0100100000010001 (  56)                 JSR   ON
(302B) 4801  0100100000000001 (  57)                 JSR   DELAY
(302C) 0FF0  0000111111110000 (  59) BACK            BRNZP PWELL
(302D) 321B  0011001000011011 (  61) DELAY           ST    R1 SaveR1
(302E) 2219  0010001000011001 (  62)                 LD    R1 COUNT
(302F) 127F  0001001001111111 (  63) REP             ADD   R1 R1 #-1
(3030) 03FE  0000001111111110 (  64)                 BRP   REP
(3031) 2217  0010001000010111 (  65)                 LD    R1 SaveR1
(3032) C1C0  1100000111000000 (  66)                 RET   
(3033) 3215  0011001000010101 (  68) OFF             ST    R1 SaveR1
(3034) 3617  0011011000010111 (  69)                 ST    R3 SaveR3
(3035) 261E  0010011000011110 (  70)                 LD    R3 NUM2
(3036) A21B  1010001000011011 (  71)                 LDI   R1 KBSR
(3037) 5243  0101001001000011 (  72)                 AND   R1 R1 R3
(3038) B219  1011001000011001 (  73)                 STI   R1 KBSR
(3039) 220F  0010001000001111 (  74)                 LD    R1 SaveR1
(303A) 2611  0010011000010001 (  75)                 LD    R3 SaveR3
(303B) C1C0  1100000111000000 (  76)                 RET   
(303C) 320C  0011001000001100 (  78) ON              ST    R1 SaveR1
(303D) 360E  0011011000001110 (  79)                 ST    R3 SaveR3
(303E) A213  1010001000010011 (  80)                 LDI   R1 KBSR
(303F) 927F  1001001001111111 (  81)                 NOT   R1 R1
(3040) 2612  0010011000010010 (  82)                 LD    R3 NUM1
(3041) 96FF  1001011011111111 (  83)                 NOT   R3 R3
(3042) 5243  0101001001000011 (  84)                 AND   R1 R1 R3
(3043) 927F  1001001001111111 (  85)                 NOT   R1 R1
(3044) B20D  1011001000001101 (  86)                 STI   R1 KBSR
(3045) 2203  0010001000000011 (  87)                 LD    R1 SaveR1
(3046) 2605  0010011000000101 (  88)                 LD    R3 SaveR3
(3047) C1C0  1100000111000000 (  89)                 RET   
(3048) 7FFF  0111111111111111 (  91) COUNT           .FILL x7FFF
(3049) 0000  0000000000000000 (  93) SaveR1          .FILL x0000
(304A) 0000  0000000000000000 (  94) SaveR2          .FILL x0000
(304B) 0000  0000000000000000 (  94)                 .FILL x0000
(304C) 0000  0000000000000000 (  96) SaveR3          .FILL x0000
(304D) 0000  0000000000000000 (  96)                 .FILL x0000
(304E) 0000  0000000000000000 (  96)                 .FILL x0000
(304F) 3000  0011000000000000 (  96) SSP             .FILL x3000
(3050) 0180  0000000110000000 (  97) ENTRY           .FILL x0180
(3051) 2000  0010000000000000 (  98) CON             .FILL x2000
(3052) FE00  1111111000000000 (  99) KBSR            .FILL xFE00
(3053) 4000  0100000000000000 ( 100) NUM1            .FILL x4000
(3054) BFFF  1011111111111111 ( 101) NUM2            .FILL xBFFF
(3055) 002A  0000000000101010 ( 102) STAR1           .FILL x002A
(3056) 002A  0000000000101010 ( 102)                 .FILL x002A
(3057) 0020  0000000000100000 ( 102)                 .FILL x0020
(3058) 0020  0000000000100000 ( 102)                 .FILL x0020
(3059) 0020  0000000000100000 ( 102)                 .FILL x0020
(305A) 0020  0000000000100000 ( 102)                 .FILL x0020
(305B) 002A  0000000000101010 ( 102)                 .FILL x002A
(305C) 002A  0000000000101010 ( 102)                 .FILL x002A
(305D) 0020  0000000000100000 ( 102)                 .FILL x0020
(305E) 0020  0000000000100000 ( 102)                 .FILL x0020
(305F) 0020  0000000000100000 ( 102)                 .FILL x0020
(3060) 0020  0000000000100000 ( 102)                 .FILL x0020
(3061) 002A  0000000000101010 ( 102)                 .FILL x002A
(3062) 002A  0000000000101010 ( 102)                 .FILL x002A
(3063) 0020  0000000000100000 ( 102)                 .FILL x0020
(3064) 0020  0000000000100000 ( 102)                 .FILL x0020
(3065) 0020  0000000000100000 ( 102)                 .FILL x0020
(3066) 0020  0000000000100000 ( 102)                 .FILL x0020
(3067) 002A  0000000000101010 ( 102)                 .FILL x002A
(3068) 002A  0000000000101010 ( 102)                 .FILL x002A
(3069) 0020  0000000000100000 ( 102)                 .FILL x0020
(306A) 0020  0000000000100000 ( 102)                 .FILL x0020
(306B) 0020  0000000000100000 ( 102)                 .FILL x0020
(306C) 0020  0000000000100000 ( 102)                 .FILL x0020
(306D) 002A  0000000000101010 ( 102)                 .FILL x002A
(306E) 002A  0000000000101010 ( 102)                 .FILL x002A
(306F) 0020  0000000000100000 ( 102)                 .FILL x0020
(3070) 0020  0000000000100000 ( 102)                 .FILL x0020
(3071) 0020  0000000000100000 ( 102)                 .FILL x0020
(3072) 0020  0000000000100000 ( 102)                 .FILL x0020
(3073) 002A  0000000000101010 ( 102)                 .FILL x002A
(3074) 002A  0000000000101010 ( 102)                 .FILL x002A
(3075) 0020  0000000000100000 ( 102)                 .FILL x0020
(3076) 0020  0000000000100000 ( 102)                 .FILL x0020
(3077) 0020  0000000000100000 ( 102)                 .FILL x0020
(3078) 0020  0000000000100000 ( 102)                 .FILL x0020
(3079) 002A  0000000000101010 ( 102)                 .FILL x002A
(307A) 002A  0000000000101010 ( 102)                 .FILL x002A
(307B) 0020  0000000000100000 ( 102)                 .FILL x0020
(307C) 0020  0000000000100000 ( 102)                 .FILL x0020
(307D) 0020  0000000000100000 ( 102)                 .FILL x0020
(307E) 0020  0000000000100000 ( 102)                 .FILL x0020
(307F) 002A  0000000000101010 ( 102)                 .FILL x002A
(3080) 002A  0000000000101010 ( 102)                 .FILL x002A
(3081) 0020  0000000000100000 ( 102)                 .FILL x0020
(3082) 0020  0000000000100000 ( 102)                 .FILL x0020
(3083) 0020  0000000000100000 ( 102)                 .FILL x0020
(3084) 0020  0000000000100000 ( 102)                 .FILL x0020
(3085) 000A  0000000000001010 ( 102)                 .FILL x000A
(3086) 0000  0000000000000000 ( 102)                 .FILL x0000
(3087) 0020  0000000000100000 ( 103) STAR2           .FILL x0020
(3088) 0020  0000000000100000 ( 103)                 .FILL x0020
(3089) 0020  0000000000100000 ( 103)                 .FILL x0020
(308A) 002A  0000000000101010 ( 103)                 .FILL x002A
(308B) 002A  0000000000101010 ( 103)                 .FILL x002A
(308C) 0020  0000000000100000 ( 103)                 .FILL x0020
(308D) 0020  0000000000100000 ( 103)                 .FILL x0020
(308E) 0020  0000000000100000 ( 103)                 .FILL x0020
(308F) 0020  0000000000100000 ( 103)                 .FILL x0020
(3090) 002A  0000000000101010 ( 103)                 .FILL x002A
(3091) 002A  0000000000101010 ( 103)                 .FILL x002A
(3092) 0020  0000000000100000 ( 103)                 .FILL x0020
(3093) 0020  0000000000100000 ( 103)                 .FILL x0020
(3094) 0020  0000000000100000 ( 103)                 .FILL x0020
(3095) 0020  0000000000100000 ( 103)                 .FILL x0020
(3096) 002A  0000000000101010 ( 103)                 .FILL x002A
(3097) 002A  0000000000101010 ( 103)                 .FILL x002A
(3098) 0020  0000000000100000 ( 103)                 .FILL x0020
(3099) 0020  0000000000100000 ( 103)                 .FILL x0020
(309A) 0020  0000000000100000 ( 103)                 .FILL x0020
(309B) 0020  0000000000100000 ( 103)                 .FILL x0020
(309C) 002A  0000000000101010 ( 103)                 .FILL x002A
(309D) 002A  0000000000101010 ( 103)                 .FILL x002A
(309E) 0020  0000000000100000 ( 103)                 .FILL x0020
(309F) 0020  0000000000100000 ( 103)                 .FILL x0020
(30A0) 0020  0000000000100000 ( 103)                 .FILL x0020
(30A1) 0020  0000000000100000 ( 103)                 .FILL x0020
(30A2) 002A  0000000000101010 ( 103)                 .FILL x002A
(30A3) 002A  0000000000101010 ( 103)                 .FILL x002A
(30A4) 0020  0000000000100000 ( 103)                 .FILL x0020
(30A5) 0020  0000000000100000 ( 103)                 .FILL x0020
(30A6) 0020  0000000000100000 ( 103)                 .FILL x0020
(30A7) 0020  0000000000100000 ( 103)                 .FILL x0020
(30A8) 002A  0000000000101010 ( 103)                 .FILL x002A
(30A9) 002A  0000000000101010 ( 103)                 .FILL x002A
(30AA) 0020  0000000000100000 ( 103)                 .FILL x0020
(30AB) 0020  0000000000100000 ( 103)                 .FILL x0020
(30AC) 0020  0000000000100000 ( 103)                 .FILL x0020
(30AD) 0020  0000000000100000 ( 103)                 .FILL x0020
(30AE) 002A  0000000000101010 ( 103)                 .FILL x002A
(30AF) 002A  0000000000101010 ( 103)                 .FILL x002A
(30B0) 0020  0000000000100000 ( 103)                 .FILL x0020
(30B1) 0020  0000000000100000 ( 103)                 .FILL x0020
(30B2) 0020  0000000000100000 ( 103)                 .FILL x0020
(30B3) 0020  0000000000100000 ( 103)                 .FILL x0020
(30B4) 000A  0000000000001010 ( 103)                 .FILL x000A
(30B5) 0000  0000000000000000 ( 103)                 .FILL x0000
(30B6) 0023  0000000000100011 ( 104) WELL1           .FILL x0023
(30B7) 0023  0000000000100011 ( 104)                 .FILL x0023
(30B8) 0020  0000000000100000 ( 104)                 .FILL x0020
(30B9) 0020  0000000000100000 ( 104)                 .FILL x0020
(30BA) 0020  0000000000100000 ( 104)                 .FILL x0020
(30BB) 0020  0000000000100000 ( 104)                 .FILL x0020
(30BC) 0023  0000000000100011 ( 104)                 .FILL x0023
(30BD) 0023  0000000000100011 ( 104)                 .FILL x0023
(30BE) 0020  0000000000100000 ( 104)                 .FILL x0020
(30BF) 0020  0000000000100000 ( 104)                 .FILL x0020
(30C0) 0020  0000000000100000 ( 104)                 .FILL x0020
(30C1) 0020  0000000000100000 ( 104)                 .FILL x0020
(30C2) 0023  0000000000100011 ( 104)                 .FILL x0023
(30C3) 0023  0000000000100011 ( 104)                 .FILL x0023
(30C4) 0020  0000000000100000 ( 104)                 .FILL x0020
(30C5) 0020  0000000000100000 ( 104)                 .FILL x0020
(30C6) 0020  0000000000100000 ( 104)                 .FILL x0020
(30C7) 0020  0000000000100000 ( 104)                 .FILL x0020
(30C8) 0023  0000000000100011 ( 104)                 .FILL x0023
(30C9) 0023  0000000000100011 ( 104)                 .FILL x0023
(30CA) 0020  0000000000100000 ( 104)                 .FILL x0020
(30CB) 0020  0000000000100000 ( 104)                 .FILL x0020
(30CC) 0020  0000000000100000 ( 104)                 .FILL x0020
(30CD) 0020  0000000000100000 ( 104)                 .FILL x0020
(30CE) 0023  0000000000100011 ( 104)                 .FILL x0023
(30CF) 0023  0000000000100011 ( 104)                 .FILL x0023
(30D0) 0020  0000000000100000 ( 104)                 .FILL x0020
(30D1) 0020  0000000000100000 ( 104)                 .FILL x0020
(30D2) 0020  0000000000100000 ( 104)                 .FILL x0020
(30D3) 0020  0000000000100000 ( 104)                 .FILL x0020
(30D4) 0023  0000000000100011 ( 104)                 .FILL x0023
(30D5) 0023  0000000000100011 ( 104)                 .FILL x0023
(30D6) 0020  0000000000100000 ( 104)                 .FILL x0020
(30D7) 0020  0000000000100000 ( 104)                 .FILL x0020
(30D8) 0020  0000000000100000 ( 104)                 .FILL x0020
(30D9) 0020  0000000000100000 ( 104)                 .FILL x0020
(30DA) 0023  0000000000100011 ( 104)                 .FILL x0023
(30DB) 0023  0000000000100011 ( 104)                 .FILL x0023
(30DC) 0020  0000000000100000 ( 104)                 .FILL x0020
(30DD) 0020  0000000000100000 ( 104)                 .FILL x0020
(30DE) 0020  0000000000100000 ( 104)                 .FILL x0020
(30DF) 0020  0000000000100000 ( 104)                 .FILL x0020
(30E0) 0023  0000000000100011 ( 104)                 .FILL x0023
(30E1) 0023  0000000000100011 ( 104)                 .FILL x0023
(30E2) 0020  0000000000100000 ( 104)                 .FILL x0020
(30E3) 0020  0000000000100000 ( 104)                 .FILL x0020
(30E4) 0020  0000000000100000 ( 104)                 .FILL x0020
(30E5) 0020  0000000000100000 ( 104)                 .FILL x0020
(30E6) 000A  0000000000001010 ( 104)                 .FILL x000A
(30E7) 0000  0000000000000000 ( 104)                 .FILL x0000
(30E8) 0020  0000000000100000 ( 105) WELL2           .FILL x0020
(30E9) 0020  0000000000100000 ( 105)                 .FILL x0020
(30EA) 0020  0000000000100000 ( 105)                 .FILL x0020
(30EB) 0023  0000000000100011 ( 105)                 .FILL x0023
(30EC) 0023  0000000000100011 ( 105)                 .FILL x0023
(30ED) 0020  0000000000100000 ( 105)                 .FILL x0020
(30EE) 0020  0000000000100000 ( 105)                 .FILL x0020
(30EF) 0020  0000000000100000 ( 105)                 .FILL x0020
(30F0) 0020  0000000000100000 ( 105)                 .FILL x0020
(30F1) 0023  0000000000100011 ( 105)                 .FILL x0023
(30F2) 0023  0000000000100011 ( 105)                 .FILL x0023
(30F3) 0020  0000000000100000 ( 105)                 .FILL x0020
(30F4) 0020  0000000000100000 ( 105)                 .FILL x0020
(30F5) 0020  0000000000100000 ( 105)                 .FILL x0020
(30F6) 0020  0000000000100000 ( 105)                 .FILL x0020
(30F7) 0023  0000000000100011 ( 105)                 .FILL x0023
(30F8) 0023  0000000000100011 ( 105)                 .FILL x0023
(30F9) 0020  0000000000100000 ( 105)                 .FILL x0020
(30FA) 0020  0000000000100000 ( 105)                 .FILL x0020
(30FB) 0020  0000000000100000 ( 105)                 .FILL x0020
(30FC) 0020  0000000000100000 ( 105)                 .FILL x0020
(30FD) 0023  0000000000100011 ( 105)                 .FILL x0023
(30FE) 0023  0000000000100011 ( 105)                 .FILL x0023
(30FF) 0020  0000000000100000 ( 105)                 .FILL x0020
(3100) 0020  0000000000100000 ( 105)                 .FILL x0020
(3101) 0020  0000000000100000 ( 105)                 .FILL x0020
(3102) 0020  0000000000100000 ( 105)                 .FILL x0020
(3103) 0023  0000000000100011 ( 105)                 .FILL x0023
(3104) 0023  0000000000100011 ( 105)                 .FILL x0023
(3105) 0020  0000000000100000 ( 105)                 .FILL x0020
(3106) 0020  0000000000100000 ( 105)                 .FILL x0020
(3107) 0020  0000000000100000 ( 105)                 .FILL x0020
(3108) 0020  0000000000100000 ( 105)                 .FILL x0020
(3109) 0023  0000000000100011 ( 105)                 .FILL x0023
(310A) 0023  0000000000100011 ( 105)                 .FILL x0023
(310B) 0020  0000000000100000 ( 105)                 .FILL x0020
(310C) 0020  0000000000100000 ( 105)                 .FILL x0020
(310D) 0020  0000000000100000 ( 105)                 .FILL x0020
(310E) 0020  0000000000100000 ( 105)                 .FILL x0020
(310F) 0023  0000000000100011 ( 105)                 .FILL x0023
(3110) 0023  0000000000100011 ( 105)                 .FILL x0023
(3111) 0020  0000000000100000 ( 105)                 .FILL x0020
(3112) 0020  0000000000100000 ( 105)                 .FILL x0020
(3113) 0020  0000000000100000 ( 105)                 .FILL x0020
(3114) 0020  0000000000100000 ( 105)                 .FILL x0020
(3115) 000A  0000000000001010 ( 105)                 .FILL x000A
(3116) 0000  0000000000000000 ( 105)                 .FILL x0000
