ucr
tayyr
bznzhqfawuxciws
hllrobusbxzvmd
agfxu
sepb
albrgtesdywn
utjamjhjd
qvoo
dwsqyq
dtjgfxzxwuwgvh
xvwtkgje
isttjojsg
wntroalsduuwlni
qoou
tygcyvncctliwg
tzgwmyyfhc
dthwzubn
xsdzc
bdfhqj
fydnsj
khjppjwh
npfidgindzma
fmymuufwxfoc
fgswolq
tcmquyxau
clbeivyukf
ugrnwdfo
wdihylawethkeaw
mzghukx
x
gdleqwkoimhgpra
wtg
gxaabslmqvwqxeo
pwaubxqgsdi
lusuaxu
hmngwatarrr
wrulwbvsyrunnlg
cfwkmuleikbivv
tsuisxinsmlxb
rf
xbreuhhxqabr
vcizpthh
ovrzzjafiaoe
ahbb
fllybpnxhnej
ncijzwzad
pqrcmen
ysxgurndxhb
zjystdkf
u
kkldfkvtsozzhi
opmze
hgduwnvfpgxruh
gnvhpfdnlgh
ykagmktk
zxtqv
l
m
ypbaozucgnbiv
lzslzjfxkgrsk
dbjr
kogqqjuxb
cxrlz
axqhrkbcbeis
lnxgrmrttgjlsev
uk
ftokjohwpvv
amegretvwaj
emg
wdihylawethkeaw
dqmhe
isttjojsg
ze
No Entry
No Entry
gdleqwkoimhgpra
tzgwmyyfhc
No Entry
No Entry
uk
qvoo
No Entry
dqmhe
rnscsxarlpmioo
No Entry
lusuaxu
No Entry
No Entry
bopvqycmlva
No Entry
No Entry
No Entry
No Entry
No Entry
No Entry
wdihylawethkeaw
No Entry
fydnsj
bznzhqfawuxciws
qvoo
No Entry
clbeivyukf
No Entry
No Entry
bznzhqfawuxciws
mzghukx
No Entry
No Entry
No Entry
