(0000) 3000  0011000000000000 (   1)                 .ORIG x3000
(3000) 2CAE  0010110010101110 (   2)                 LD    R6 SPP
(3001) 28AE  0010100010101110 (   3)                 LD    R4 SPR
(3002) 5B60  0101101101100000 (   4)                 AND   R5 R5 #0
(3003) 22AA  0010001010101010 (   6)                 LD    R1 STDATA
(3004) 6440  0110010001000000 (   7)                 LDR   R2 R1 #0
(3005) 1DBF  0001110110111111 (   8)                 ADD   R6 R6 #-1
(3006) 7580  0111010110000000 (   9)                 STR   R2 R6 #0
(3007) 193F  0001100100111111 (  10)                 ADD   R4 R4 #-1
(3008) 7500  0111010100000000 (  11)                 STR   R2 R4 #0
(3009) 1B42  0001101101000010 (  13)                 ADD   R5 R5 R2
(300A) 1B45  0001101101000101 (  14)                 ADD   R5 R5 R5
(300B) 1B45  0001101101000101 (  15)                 ADD   R5 R5 R5
(300C) 1261  0001001001100001 (  17)                 ADD   R1 R1 #1
(300D) 6440  0110010001000000 (  18)                 LDR   R2 R1 #0
(300E) 1DBF  0001110110111111 (  19)                 ADD   R6 R6 #-1
(300F) 7580  0111010110000000 (  20)                 STR   R2 R6 #0
(3010) 193F  0001100100111111 (  21)                 ADD   R4 R4 #-1
(3011) 7500  0111010100000000 (  22)                 STR   R2 R4 #0
(3012) 1B42  0001101101000010 (  24)                 ADD   R5 R5 R2
(3013) 1245  0001001001000101 (  26)                 ADD   R1 R1 R5
(3014) 1261  0001001001100001 (  27)                 ADD   R1 R1 #1
(3015) 6440  0110010001000000 (  28)                 LDR   R2 R1 #0
(3016) 4887  0100100010000111 (  29)                 JSR   FUNOR
(3017) 4818  0100100000011000 (  30)                 JSR   MAZE
(3018) E0A4  1110000010100100 (  32) FAIL            LEA   R0 NO
(3019) F022  1111000000100010 (  33)                 TRAP  x22
(301A) F025  1111000000100101 (  34)                 TRAP  x25
(301B) 9B3F  1001101100111111 (  36) SUCCESS         NOT   R5 R4
(301C) 1B61  0001101101100001 (  37)                 ADD   R5 R5 #1
(301D) 2892  0010100010010010 (  38)                 LD    R4 SPR
(301E) 1B05  0001101100000101 (  39)                 ADD   R5 R4 R5
(301F) 193F  0001100100111111 (  40)                 ADD   R4 R4 #-1
(3020) 2298  0010001010011000 (  41)                 LD    R1 ASCII
(3021) 6100  0110000100000000 (  43) LOOP            LDR   R0 R4 #0
(3022) 1001  0001000000000001 (  44)                 ADD   R0 R0 R1
(3023) F021  1111000000100001 (  45)                 TRAP  x21
(3024) 1B7F  0001101101111111 (  46)                 ADD   R5 R5 #-1
(3025) 193F  0001100100111111 (  47)                 ADD   R4 R4 #-1
(3026) 6100  0110000100000000 (  49)                 LDR   R0 R4 #0
(3027) 1040  0001000001000000 (  50)                 ADD   R0 R1 R0
(3028) F021  1111000000100001 (  51)                 TRAP  x21
(3029) 193F  0001100100111111 (  52)                 ADD   R4 R4 #-1
(302A) 1B7F  0001101101111111 (  53)                 ADD   R5 R5 #-1
(302B) 0403  0000010000000011 (  54)                 BRZ   STOP
(302C) 208D  0010000010001101 (  56)                 LD    R0 SPACE
(302D) F021  1111000000100001 (  57)                 TRAP  x21
(302E) 0FF2  0000111111110010 (  58)                 BRNZP LOOP
(302F) F025  1111000000100101 (  59) STOP            TRAP  x25
(3030) 6381  0110001110000001 (  62) MAZE            LDR   R1 R6 #1
(3031) 1241  0001001001000001 (  63)                 ADD   R1 R1 R1
(3032) 1241  0001001001000001 (  64)                 ADD   R1 R1 R1
(3033) 1241  0001001001000001 (  65)                 ADD   R1 R1 R1
(3034) 6580  0110010110000000 (  67)                 LDR   R2 R6 #0
(3035) 1242  0001001001000010 (  68)                 ADD   R1 R1 R2
(3036) 267F  0010011001111111 (  69)                 LD    R3 ADDNUM
(3037) 1243  0001001001000011 (  70)                 ADD   R1 R1 R3
(3038) 1DBF  0001110110111111 (  72)                 ADD   R6 R6 #-1
(3039) 7F80  0111111110000000 (  73)                 STR   R7 R6 #0
(303A) 1DBF  0001110110111111 (  74)                 ADD   R6 R6 #-1
(303B) 7380  0111001110000000 (  75)                 STR   R1 R6 #0
(303C) 6440  0110010001000000 (  77)                 LDR   R2 R1 #0
(303D) 2073  0010000001110011 (  79) EXIT            LD    R0 NUM1
(303E) 5080  0101000010000000 (  80)                 AND   R0 R2 R0
(303F) 03DB  0000001111011011 (  81)                 BRP   SUCCESS
(3040) 2A7B  0010101001111011 (  83)                 LD    R5 SaveR5
(3041) 1B61  0001101101100001 (  84)                 ADD   R5 R5 #1
(3042) 2678  0010011001111000 (  85)                 LD    R3 COUNT
(3043) 1743  0001011101000011 (  86)                 ADD   R3 R5 R3
(3044) 3A77  0011101001110111 (  87)                 ST    R5 SaveR5
(3045) 07D2  0000011111010010 (  88)                 BRZP  FAIL
(3046) 206B  0010000001101011 (  90) NORTH           LD    R0 NUM2
(3047) 6440  0110010001000000 (  91)                 LDR   R2 R1 #0
(3048) 5080  0101000010000000 (  92)                 AND   R0 R2 R0
(3049) 0411  0000010000010001 (  93)                 BRZ   EAST
(304A) 1A78  0001101001111000 (  95)                 ADD   R5 R1 #-8
(304B) 6540  0110010101000000 (  96)                 LDR   R2 R5 #0
(304C) 080E  0000100000001110 (  97)                 BRN   EAST
(304D) 6783  0110011110000011 ( 100)                 LDR   R3 R6 #3
(304E) 16FF  0001011011111111 ( 101)                 ADD   R3 R3 #-1
(304F) 1DBF  0001110110111111 ( 102)                 ADD   R6 R6 #-1
(3050) 7780  0111011110000000 ( 103)                 STR   R3 R6 #0
(3051) 193F  0001100100111111 ( 104)                 ADD   R4 R4 #-1
(3052) 7700  0111011100000000 ( 105)                 STR   R3 R4 #0
(3053) 6783  0110011110000011 ( 107)                 LDR   R3 R6 #3
(3054) 1DBF  0001110110111111 ( 108)                 ADD   R6 R6 #-1
(3055) 7780  0111011110000000 ( 109)                 STR   R3 R6 #0
(3056) 193F  0001100100111111 ( 110)                 ADD   R4 R4 #-1
(3057) 7700  0111011100000000 ( 111)                 STR   R3 R4 #0
(3058) 4845  0100100001000101 ( 113)                 JSR   FUNOR
(3059) 4FD6  0100111111010110 ( 114)                 JSR   MAZE
(305A) 484B  0100100001001011 ( 115)                 JSR   BACK
(305B) 2057  0010000001010111 ( 119) EAST            LD    R0 NUM3
(305C) 6440  0110010001000000 ( 120)                 LDR   R2 R1 #0
(305D) 5080  0101000010000000 ( 121)                 AND   R0 R2 R0
(305E) 0411  0000010000010001 ( 122)                 BRZ   SOUTH
(305F) 1A61  0001101001100001 ( 124)                 ADD   R5 R1 #1
(3060) 6540  0110010101000000 ( 125)                 LDR   R2 R5 #0
(3061) 080E  0000100000001110 ( 126)                 BRN   SOUTH
(3062) 6783  0110011110000011 ( 128)                 LDR   R3 R6 #3
(3063) 1DBF  0001110110111111 ( 129)                 ADD   R6 R6 #-1
(3064) 7780  0111011110000000 ( 130)                 STR   R3 R6 #0
(3065) 193F  0001100100111111 ( 131)                 ADD   R4 R4 #-1
(3066) 7700  0111011100000000 ( 132)                 STR   R3 R4 #0
(3067) 6783  0110011110000011 ( 134)                 LDR   R3 R6 #3
(3068) 16E1  0001011011100001 ( 135)                 ADD   R3 R3 #1
(3069) 1DBF  0001110110111111 ( 136)                 ADD   R6 R6 #-1
(306A) 7780  0111011110000000 ( 137)                 STR   R3 R6 #0
(306B) 193F  0001100100111111 ( 138)                 ADD   R4 R4 #-1
(306C) 7700  0111011100000000 ( 139)                 STR   R3 R4 #0
(306D) 4830  0100100000110000 ( 141)                 JSR   FUNOR
(306E) 4FC1  0100111111000001 ( 142)                 JSR   MAZE
(306F) 4836  0100100000110110 ( 143)                 JSR   BACK
(3070) 2043  0010000001000011 ( 148) SOUTH           LD    R0 NUM4
(3071) 6440  0110010001000000 ( 149)                 LDR   R2 R1 #0
(3072) 5080  0101000010000000 ( 150)                 AND   R0 R2 R0
(3073) 0411  0000010000010001 ( 151)                 BRZ   WEST
(3074) 1A68  0001101001101000 ( 153)                 ADD   R5 R1 #8
(3075) 6540  0110010101000000 ( 154)                 LDR   R2 R5 #0
(3076) 080E  0000100000001110 ( 155)                 BRN   WEST
(3077) 6783  0110011110000011 ( 157)                 LDR   R3 R6 #3
(3078) 16E1  0001011011100001 ( 158)                 ADD   R3 R3 #1
(3079) 1DBF  0001110110111111 ( 159)                 ADD   R6 R6 #-1
(307A) 7780  0111011110000000 ( 160)                 STR   R3 R6 #0
(307B) 193F  0001100100111111 ( 161)                 ADD   R4 R4 #-1
(307C) 7700  0111011100000000 ( 162)                 STR   R3 R4 #0
(307D) 6783  0110011110000011 ( 164)                 LDR   R3 R6 #3
(307E) 1DBF  0001110110111111 ( 165)                 ADD   R6 R6 #-1
(307F) 7780  0111011110000000 ( 166)                 STR   R3 R6 #0
(3080) 193F  0001100100111111 ( 167)                 ADD   R4 R4 #-1
(3081) 7700  0111011100000000 ( 168)                 STR   R3 R4 #0
(3082) 481B  0100100000011011 ( 170)                 JSR   FUNOR
(3083) 4FAC  0100111110101100 ( 171)                 JSR   MAZE
(3084) 4821  0100100000100001 ( 172)                 JSR   BACK
(3085) 202F  0010000000101111 ( 176) WEST            LD    R0 NUM5
(3086) 6440  0110010001000000 ( 177)                 LDR   R2 R1 #0
(3087) 5080  0101000010000000 ( 178)                 AND   R0 R2 R0
(3088) 0411  0000010000010001 ( 179)                 BRZ   MAZEEND
(3089) 1A7F  0001101001111111 ( 181)                 ADD   R5 R1 #-1
(308A) 6540  0110010101000000 ( 182)                 LDR   R2 R5 #0
(308B) 080E  0000100000001110 ( 183)                 BRN   MAZEEND
(308C) 6783  0110011110000011 ( 185)                 LDR   R3 R6 #3
(308D) 1DBF  0001110110111111 ( 186)                 ADD   R6 R6 #-1
(308E) 7780  0111011110000000 ( 187)                 STR   R3 R6 #0
(308F) 193F  0001100100111111 ( 188)                 ADD   R4 R4 #-1
(3090) 7700  0111011100000000 ( 189)                 STR   R3 R4 #0
(3091) 6783  0110011110000011 ( 191)                 LDR   R3 R6 #3
(3092) 16FF  0001011011111111 ( 192)                 ADD   R3 R3 #-1
(3093) 1DBF  0001110110111111 ( 193)                 ADD   R6 R6 #-1
(3094) 7780  0111011110000000 ( 194)                 STR   R3 R6 #0
(3095) 193F  0001100100111111 ( 195)                 ADD   R4 R4 #-1
(3096) 7700  0111011100000000 ( 196)                 STR   R3 R4 #0
(3097) 4806  0100100000000110 ( 198)                 JSR   FUNOR
(3098) 4F97  0100111110010111 ( 199)                 JSR   MAZE
(3099) 480C  0100100000001100 ( 200)                 JSR   BACK
(309A) 1DA1  0001110110100001 ( 203) MAZEEND         ADD   R6 R6 #1
(309B) 6F80  0110111110000000 ( 204)                 LDR   R7 R6 #0
(309C) 1DA1  0001110110100001 ( 205)                 ADD   R6 R6 #1
(309D) C1C0  1100000111000000 ( 206)                 RET   
(309E) 2018  0010000000011000 ( 208) FUNOR           LD    R0 ORNUM
(309F) 903F  1001000000111111 ( 209)                 NOT   R0 R0
(30A0) 6440  0110010001000000 ( 210)                 LDR   R2 R1 #0
(30A1) 94BF  1001010010111111 ( 211)                 NOT   R2 R2
(30A2) 5402  0101010000000010 ( 212)                 AND   R2 R0 R2
(30A3) 94BF  1001010010111111 ( 213)                 NOT   R2 R2
(30A4) 7440  0111010001000000 ( 214)                 STR   R2 R1 #0
(30A5) C1C0  1100000111000000 ( 215)                 RET   
(30A6) 1DA2  0001110110100010 ( 218) BACK            ADD   R6 R6 #2
(30A7) 1922  0001100100100010 ( 219)                 ADD   R4 R4 #2
(30A8) 6380  0110001110000000 ( 221)                 LDR   R1 R6 #0
(30A9) 6440  0110010001000000 ( 222)                 LDR   R2 R1 #0
(30AA) 200D  0010000000001101 ( 224)                 LD    R0 ANDNUM
(30AB) 5402  0101010000000010 ( 225)                 AND   R2 R0 R2
(30AC) 7440  0111010001000000 ( 226)                 STR   R2 R1 #0
(30AD) C1C0  1100000111000000 ( 227)                 RET   
(30AE) 4000  0100000000000000 ( 228) STDATA          .FILL x4000
(30AF) 6000  0110000000000000 ( 229) SPP             .FILL x6000
(30B0) 7000  0111000000000000 ( 230) SPR             .FILL x7000
(30B1) 0010  0000000000010000 ( 231) NUM1            .FILL x0010
(30B2) 0008  0000000000001000 ( 232) NUM2            .FILL x0008
(30B3) 0004  0000000000000100 ( 233) NUM3            .FILL x0004
(30B4) 0002  0000000000000010 ( 234) NUM4            .FILL x0002
(30B5) 0001  0000000000000001 ( 235) NUM5            .FILL x0001
(30B6) 4002  0100000000000010 ( 236) ADDNUM          .FILL x4002
(30B7) 8000  1000000000000000 ( 237) ORNUM           .FILL x8000
(30B8) 7FFF  0111111111111111 ( 238) ANDNUM          .FILL x7FFF
(30B9) 0030  0000000000110000 ( 239) ASCII           .FILL x0030
(30BA) 0020  0000000000100000 ( 240) SPACE           .FILL x0020
(30BB) 800F  1000000000001111 ( 241) COUNT           .FILL x800F
(30BC) 0000  0000000000000000 ( 243) SaveR5          .FILL x0000
(30BD) 004E  0000000001001110 ( 243) NO              .FILL x004E
(30BE) 004F  0000000001001111 ( 243)                 .FILL x004F
(30BF) 0000  0000000000000000 ( 243)                 .FILL x0000
